<?xml version="1.0" encoding="UTF-8"?>
<!-- Generated by org.testng.reporters.JUnitReportReporter -->
<testsuite hostname="LAPTOP-0CRV9BCA" name="Runners.MainRunner" tests="1" failures="0" timestamp="7 May 2020 00:14:30 GMT" time="40.118" errors="0">
  <testcase name="feature" time="40.118" classname="Runners.MainRunner"/>
</testsuite> <!-- Runners.MainRunner -->
